<?xml version="1.0" encoding="UTF-8"?>
<testng-results ignored="0" total="5" passed="5" failed="0" skipped="0">
  <reporter-output>
    <line>
      <![CDATA[Before execution started successfully]]>
    </line>
    <line>
      <![CDATA[Initiate Browser Session Method execution completed successfully]]>
    </line>
    <line>
      <![CDATA[Before Class execution completed successfully]]>
    </line>
    <line>
      <![CDATA[After Class execution started successfully]]>
    </line>
    <line>
      <![CDATA[After Class execution completed successfully]]>
    </line>
    <line>
      <![CDATA[Before execution started successfully]]>
    </line>
    <line>
      <![CDATA[Initiate Browser Session Method execution completed successfully]]>
    </line>
    <line>
      <![CDATA[Before Class execution completed successfully]]>
    </line>
    <line>
      <![CDATA[After Class execution started successfully]]>
    </line>
    <line>
      <![CDATA[After Class execution completed successfully]]>
    </line>
    <line>
      <![CDATA[Before execution started successfully]]>
    </line>
    <line>
      <![CDATA[Initiate Browser Session Method execution completed successfully]]>
    </line>
    <line>
      <![CDATA[Before Class execution completed successfully]]>
    </line>
    <line>
      <![CDATA[The Price match with Actual cost = 4198 vs Total Cost = 4198]]>
    </line>
    <line>
      <![CDATA[After Class execution started successfully]]>
    </line>
    <line>
      <![CDATA[After Class execution completed successfully]]>
    </line>
    <line>
      <![CDATA[Before execution started successfully]]>
    </line>
    <line>
      <![CDATA[Initiate Browser Session Method execution completed successfully]]>
    </line>
    <line>
      <![CDATA[Before Class execution completed successfully]]>
    </line>
    <line>
      <![CDATA[After Class execution started successfully]]>
    </line>
    <line>
      <![CDATA[After Class execution completed successfully]]>
    </line>
    <line>
      <![CDATA[Before execution started successfully]]>
    </line>
    <line>
      <![CDATA[Initiate Browser Session Method execution completed successfully]]>
    </line>
    <line>
      <![CDATA[Before Class execution completed successfully]]>
    </line>
    <line>
      <![CDATA[After Class execution started successfully]]>
    </line>
    <line>
      <![CDATA[After Class execution completed successfully]]>
    </line>
  </reporter-output>
  <suite started-at="2023-06-12T12:06:40 BST" name="Cucumber Parallel Suite" finished-at="2023-06-12T12:09:19 BST" duration-ms="159532">
    <groups>
      <group name="cucumber">
        <method signature="AbstractTestNGCucumberTests.runScenario(io.cucumber.testng.PickleWrapper,io.cucumber.testng.FeatureWrapper)[pri:0, instance:com.hotel.utill.CucumberRunner@7ef82753]" name="runScenario" class="io.cucumber.testng.AbstractTestNGCucumberTests"/>
      </group> <!-- cucumber -->
    </groups>
    <test started-at="2023-06-12T12:06:40 BST" name="Cucumber Tests" finished-at="2023-06-12T12:09:19 BST" duration-ms="159532">
      <class name="com.hotel.utill.CucumberRunner">
        <test-method is-config="true" signature="setUpClass(org.testng.ITestContext)[pri:0, instance:com.hotel.utill.CucumberRunner@7ef82753]" started-at="2023-06-12T12:06:40 BST" name="setUpClass" finished-at="2023-06-12T12:06:41 BST" duration-ms="649" status="PASS">
          <params>
            <param index="0">
              <value>
                <![CDATA[org.testng.TestRunner@4f49f6af]]>
              </value>
            </param>
          </params>
          <reporter-output>
          </reporter-output>
        </test-method> <!-- setUpClass -->
        <test-method signature="runScenario(io.cucumber.testng.PickleWrapper,io.cucumber.testng.FeatureWrapper)[pri:0, instance:com.hotel.utill.CucumberRunner@7ef82753]" started-at="2023-06-12T12:06:41 BST" name="runScenario" description="Runs Cucumber Scenarios" data-provider="scenarios" finished-at="2023-06-12T12:06:52 BST" duration-ms="11422" status="PASS">
          <params>
            <param index="0">
              <value>
                <![CDATA["Verify the user can accept All cookies at Home Page"]]>
              </value>
            </param>
            <param index="1">
              <value>
                <![CDATA["Vaccation Reservation package booking"]]>
              </value>
            </param>
          </params>
          <reporter-output>
            <line>
              <![CDATA[Before execution started successfully]]>
            </line>
            <line>
              <![CDATA[Initiate Browser Session Method execution completed successfully]]>
            </line>
            <line>
              <![CDATA[Before Class execution completed successfully]]>
            </line>
            <line>
              <![CDATA[After Class execution started successfully]]>
            </line>
            <line>
              <![CDATA[After Class execution completed successfully]]>
            </line>
          </reporter-output>
        </test-method> <!-- runScenario -->
        <test-method signature="runScenario(io.cucumber.testng.PickleWrapper,io.cucumber.testng.FeatureWrapper)[pri:0, instance:com.hotel.utill.CucumberRunner@7ef82753]" started-at="2023-06-12T12:06:52 BST" name="runScenario" description="Runs Cucumber Scenarios" data-provider="scenarios" finished-at="2023-06-12T12:07:08 BST" duration-ms="15825" status="PASS">
          <params>
            <param index="0">
              <value>
                <![CDATA["Verify user can search with desired country - places to visit booking"]]>
              </value>
            </param>
            <param index="1">
              <value>
                <![CDATA["Vaccation Reservation package booking"]]>
              </value>
            </param>
          </params>
          <reporter-output>
            <line>
              <![CDATA[Before execution started successfully]]>
            </line>
            <line>
              <![CDATA[Initiate Browser Session Method execution completed successfully]]>
            </line>
            <line>
              <![CDATA[Before Class execution completed successfully]]>
            </line>
            <line>
              <![CDATA[After Class execution started successfully]]>
            </line>
            <line>
              <![CDATA[After Class execution completed successfully]]>
            </line>
          </reporter-output>
        </test-method> <!-- runScenario -->
        <test-method signature="runScenario(io.cucumber.testng.PickleWrapper,io.cucumber.testng.FeatureWrapper)[pri:0, instance:com.hotel.utill.CucumberRunner@7ef82753]" started-at="2023-06-12T12:07:08 BST" name="runScenario" description="Runs Cucumber Scenarios" data-provider="scenarios" finished-at="2023-06-12T12:07:36 BST" duration-ms="27685" status="PASS">
          <params>
            <param index="0">
              <value>
                <![CDATA["Verify user can book the vacation package/destination"]]>
              </value>
            </param>
            <param index="1">
              <value>
                <![CDATA["Vaccation Reservation package booking"]]>
              </value>
            </param>
          </params>
          <reporter-output>
            <line>
              <![CDATA[Before execution started successfully]]>
            </line>
            <line>
              <![CDATA[Initiate Browser Session Method execution completed successfully]]>
            </line>
            <line>
              <![CDATA[Before Class execution completed successfully]]>
            </line>
            <line>
              <![CDATA[The Price match with Actual cost = 4198 vs Total Cost = 4198]]>
            </line>
            <line>
              <![CDATA[After Class execution started successfully]]>
            </line>
            <line>
              <![CDATA[After Class execution completed successfully]]>
            </line>
          </reporter-output>
        </test-method> <!-- runScenario -->
        <test-method signature="runScenario(io.cucumber.testng.PickleWrapper,io.cucumber.testng.FeatureWrapper)[pri:0, instance:com.hotel.utill.CucumberRunner@7ef82753]" started-at="2023-06-12T12:07:36 BST" name="runScenario" description="Runs Cucumber Scenarios" data-provider="scenarios" finished-at="2023-06-12T12:08:14 BST" duration-ms="38468" status="PASS">
          <params>
            <param index="0">
              <value>
                <![CDATA["Verify user lands to traveller details page"]]>
              </value>
            </param>
            <param index="1">
              <value>
                <![CDATA["Vaccation Reservation package booking"]]>
              </value>
            </param>
          </params>
          <reporter-output>
            <line>
              <![CDATA[Before execution started successfully]]>
            </line>
            <line>
              <![CDATA[Initiate Browser Session Method execution completed successfully]]>
            </line>
            <line>
              <![CDATA[Before Class execution completed successfully]]>
            </line>
            <line>
              <![CDATA[After Class execution started successfully]]>
            </line>
            <line>
              <![CDATA[After Class execution completed successfully]]>
            </line>
          </reporter-output>
        </test-method> <!-- runScenario -->
        <test-method signature="runScenario(io.cucumber.testng.PickleWrapper,io.cucumber.testng.FeatureWrapper)[pri:0, instance:com.hotel.utill.CucumberRunner@7ef82753]" started-at="2023-06-12T12:08:14 BST" name="runScenario" description="Runs Cucumber Scenarios" data-provider="scenarios" finished-at="2023-06-12T12:09:19 BST" duration-ms="64820" status="PASS">
          <params>
            <param index="0">
              <value>
                <![CDATA["Verify user can enter their details for Hotel room reservation"]]>
              </value>
            </param>
            <param index="1">
              <value>
                <![CDATA["Vaccation Reservation package booking"]]>
              </value>
            </param>
          </params>
          <reporter-output>
            <line>
              <![CDATA[Before execution started successfully]]>
            </line>
            <line>
              <![CDATA[Initiate Browser Session Method execution completed successfully]]>
            </line>
            <line>
              <![CDATA[Before Class execution completed successfully]]>
            </line>
            <line>
              <![CDATA[After Class execution started successfully]]>
            </line>
            <line>
              <![CDATA[After Class execution completed successfully]]>
            </line>
          </reporter-output>
        </test-method> <!-- runScenario -->
        <test-method is-config="true" signature="tearDownClass()[pri:0, instance:com.hotel.utill.CucumberRunner@7ef82753]" started-at="2023-06-12T12:09:19 BST" name="tearDownClass" finished-at="2023-06-12T12:09:19 BST" duration-ms="613" status="PASS">
          <reporter-output>
          </reporter-output>
        </test-method> <!-- tearDownClass -->
      </class> <!-- com.hotel.utill.CucumberRunner -->
    </test> <!-- Cucumber Tests -->
  </suite> <!-- Cucumber Parallel Suite -->
</testng-results>
